<?xml version="1.0" encoding="UTF-8"?>
<!-- Generated by org.testng.reporters.JUnitReportReporter -->
<testsuite skipped="1" hostname="DESKTOP-A522TDA" name="com.cjc.ReadExcelData.MercuryTest" tests="1" failures="0" timestamp="20 Feb 2019 12:39:17 GMT" time="0.000" errors="0">
  <testcase name="loginWithValid1" time="0.000" classname="com.cjc.ReadExcelData.MercuryTest">
    <skipped/>
  </testcase> <!-- loginWithValid1 -->
</testsuite> <!-- com.cjc.ReadExcelData.MercuryTest -->
